<?xml version="1.0" encoding="UTF-8"?>
<testsuite xmlns:xsi="http://www.w3.org/2001/XMLSchema-instance" xsi:noNamespaceSchemaLocation="https://maven.apache.org/surefire/maven-surefire-plugin/xsd/surefire-test-report.xsd" name="model.CVTest" time="0.026" tests="1" errors="1" skipped="0" failures="0">
  <properties>
    <property name="java.specification.version" value="17"/>
    <property name="sun.jnu.encoding" value="UTF-8"/>
    <property name="java.class.path" value="/home/kadrex/Study/codes/java/jiti_lab/studenthub/target/test-classes:/home/kadrex/Study/codes/java/jiti_lab/studenthub/target/classes:/home/kadrex/.m2/repository/org/apache/poi/poi/5.2.3/poi-5.2.3.jar:/home/kadrex/.m2/repository/commons-codec/commons-codec/1.15/commons-codec-1.15.jar:/home/kadrex/.m2/repository/org/apache/commons/commons-collections4/4.4/commons-collections4-4.4.jar:/home/kadrex/.m2/repository/org/apache/commons/commons-math3/3.6.1/commons-math3-3.6.1.jar:/home/kadrex/.m2/repository/com/zaxxer/SparseBitSet/1.2/SparseBitSet-1.2.jar:/home/kadrex/.m2/repository/org/apache/logging/log4j/log4j-api/2.18.0/log4j-api-2.18.0.jar:/home/kadrex/.m2/repository/org/apache/poi/poi-ooxml/5.2.3/poi-ooxml-5.2.3.jar:/home/kadrex/.m2/repository/org/apache/poi/poi-ooxml-lite/5.2.3/poi-ooxml-lite-5.2.3.jar:/home/kadrex/.m2/repository/org/apache/xmlbeans/xmlbeans/5.1.1/xmlbeans-5.1.1.jar:/home/kadrex/.m2/repository/org/apache/commons/commons-compress/1.21/commons-compress-1.21.jar:/home/kadrex/.m2/repository/com/github/virtuald/curvesapi/1.07/curvesapi-1.07.jar:/home/kadrex/.m2/repository/junit/junit/4.13.2/junit-4.13.2.jar:/home/kadrex/.m2/repository/org/hamcrest/hamcrest-core/1.3/hamcrest-core-1.3.jar:/home/kadrex/.m2/repository/org/projectlombok/lombok/1.18.26/lombok-1.18.26.jar:/home/kadrex/.m2/repository/com/google/guava/guava/31.1-jre/guava-31.1-jre.jar:/home/kadrex/.m2/repository/com/google/guava/failureaccess/1.0.1/failureaccess-1.0.1.jar:/home/kadrex/.m2/repository/com/google/guava/listenablefuture/9999.0-empty-to-avoid-conflict-with-guava/listenablefuture-9999.0-empty-to-avoid-conflict-with-guava.jar:/home/kadrex/.m2/repository/com/google/code/findbugs/jsr305/3.0.2/jsr305-3.0.2.jar:/home/kadrex/.m2/repository/org/checkerframework/checker-qual/3.12.0/checker-qual-3.12.0.jar:/home/kadrex/.m2/repository/com/google/errorprone/error_prone_annotations/2.11.0/error_prone_annotations-2.11.0.jar:/home/kadrex/.m2/repository/com/google/j2objc/j2objc-annotations/1.3/j2objc-annotations-1.3.jar:/home/kadrex/.m2/repository/org/assertj/assertj-core/3.24.2/assertj-core-3.24.2.jar:/home/kadrex/.m2/repository/net/bytebuddy/byte-buddy/1.12.21/byte-buddy-1.12.21.jar:/home/kadrex/.m2/repository/com/fasterxml/jackson/core/jackson-databind/2.15.0-rc2/jackson-databind-2.15.0-rc2.jar:/home/kadrex/.m2/repository/com/fasterxml/jackson/core/jackson-annotations/2.15.0-rc2/jackson-annotations-2.15.0-rc2.jar:/home/kadrex/.m2/repository/com/fasterxml/jackson/core/jackson-core/2.15.0-rc2/jackson-core-2.15.0-rc2.jar:/home/kadrex/.m2/repository/org/netbeans/external/com-google-gson/RELEASE113/com-google-gson-RELEASE113.jar:/home/kadrex/.m2/repository/org/junit/jupiter/junit-jupiter/5.9.3/junit-jupiter-5.9.3.jar:/home/kadrex/.m2/repository/org/junit/jupiter/junit-jupiter-api/5.9.3/junit-jupiter-api-5.9.3.jar:/home/kadrex/.m2/repository/org/opentest4j/opentest4j/1.2.0/opentest4j-1.2.0.jar:/home/kadrex/.m2/repository/org/junit/platform/junit-platform-commons/1.9.3/junit-platform-commons-1.9.3.jar:/home/kadrex/.m2/repository/org/apiguardian/apiguardian-api/1.1.2/apiguardian-api-1.1.2.jar:/home/kadrex/.m2/repository/org/junit/jupiter/junit-jupiter-params/5.9.3/junit-jupiter-params-5.9.3.jar:/home/kadrex/.m2/repository/org/junit/jupiter/junit-jupiter-engine/5.9.3/junit-jupiter-engine-5.9.3.jar:/home/kadrex/.m2/repository/org/junit/platform/junit-platform-engine/1.9.3/junit-platform-engine-1.9.3.jar:/home/kadrex/.m2/repository/org/json/json/20230227/json-20230227.jar:/home/kadrex/.m2/repository/commons-io/commons-io/2.4/commons-io-2.4.jar:"/>
    <property name="java.vm.vendor" value="Debian"/>
    <property name="sun.arch.data.model" value="64"/>
    <property name="swing.aatext" value="true"/>
    <property name="java.vendor.url" value="https://tracker.debian.org/openjdk-17"/>
    <property name="os.name" value="Linux"/>
    <property name="java.vm.specification.version" value="17"/>
    <property name="sun.java.launcher" value="SUN_STANDARD"/>
    <property name="user.country" value="US"/>
    <property name="sun.boot.library.path" value="/usr/lib/jvm/java-17-openjdk-amd64/lib"/>
    <property name="sun.java.command" value="/home/kadrex/Study/codes/java/jiti_lab/studenthub/target/surefire/surefirebooter8885945630673707390.jar /home/kadrex/Study/codes/java/jiti_lab/studenthub/target/surefire 2023-05-13T00-37-20_532-jvmRun1 surefire12020525066074927617tmp surefire_012819671523608355192tmp"/>
    <property name="jdk.debug" value="release"/>
    <property name="surefire.test.class.path" value="/home/kadrex/Study/codes/java/jiti_lab/studenthub/target/test-classes:/home/kadrex/Study/codes/java/jiti_lab/studenthub/target/classes:/home/kadrex/.m2/repository/org/apache/poi/poi/5.2.3/poi-5.2.3.jar:/home/kadrex/.m2/repository/commons-codec/commons-codec/1.15/commons-codec-1.15.jar:/home/kadrex/.m2/repository/org/apache/commons/commons-collections4/4.4/commons-collections4-4.4.jar:/home/kadrex/.m2/repository/org/apache/commons/commons-math3/3.6.1/commons-math3-3.6.1.jar:/home/kadrex/.m2/repository/com/zaxxer/SparseBitSet/1.2/SparseBitSet-1.2.jar:/home/kadrex/.m2/repository/org/apache/logging/log4j/log4j-api/2.18.0/log4j-api-2.18.0.jar:/home/kadrex/.m2/repository/org/apache/poi/poi-ooxml/5.2.3/poi-ooxml-5.2.3.jar:/home/kadrex/.m2/repository/org/apache/poi/poi-ooxml-lite/5.2.3/poi-ooxml-lite-5.2.3.jar:/home/kadrex/.m2/repository/org/apache/xmlbeans/xmlbeans/5.1.1/xmlbeans-5.1.1.jar:/home/kadrex/.m2/repository/org/apache/commons/commons-compress/1.21/commons-compress-1.21.jar:/home/kadrex/.m2/repository/com/github/virtuald/curvesapi/1.07/curvesapi-1.07.jar:/home/kadrex/.m2/repository/junit/junit/4.13.2/junit-4.13.2.jar:/home/kadrex/.m2/repository/org/hamcrest/hamcrest-core/1.3/hamcrest-core-1.3.jar:/home/kadrex/.m2/repository/org/projectlombok/lombok/1.18.26/lombok-1.18.26.jar:/home/kadrex/.m2/repository/com/google/guava/guava/31.1-jre/guava-31.1-jre.jar:/home/kadrex/.m2/repository/com/google/guava/failureaccess/1.0.1/failureaccess-1.0.1.jar:/home/kadrex/.m2/repository/com/google/guava/listenablefuture/9999.0-empty-to-avoid-conflict-with-guava/listenablefuture-9999.0-empty-to-avoid-conflict-with-guava.jar:/home/kadrex/.m2/repository/com/google/code/findbugs/jsr305/3.0.2/jsr305-3.0.2.jar:/home/kadrex/.m2/repository/org/checkerframework/checker-qual/3.12.0/checker-qual-3.12.0.jar:/home/kadrex/.m2/repository/com/google/errorprone/error_prone_annotations/2.11.0/error_prone_annotations-2.11.0.jar:/home/kadrex/.m2/repository/com/google/j2objc/j2objc-annotations/1.3/j2objc-annotations-1.3.jar:/home/kadrex/.m2/repository/org/assertj/assertj-core/3.24.2/assertj-core-3.24.2.jar:/home/kadrex/.m2/repository/net/bytebuddy/byte-buddy/1.12.21/byte-buddy-1.12.21.jar:/home/kadrex/.m2/repository/com/fasterxml/jackson/core/jackson-databind/2.15.0-rc2/jackson-databind-2.15.0-rc2.jar:/home/kadrex/.m2/repository/com/fasterxml/jackson/core/jackson-annotations/2.15.0-rc2/jackson-annotations-2.15.0-rc2.jar:/home/kadrex/.m2/repository/com/fasterxml/jackson/core/jackson-core/2.15.0-rc2/jackson-core-2.15.0-rc2.jar:/home/kadrex/.m2/repository/org/netbeans/external/com-google-gson/RELEASE113/com-google-gson-RELEASE113.jar:/home/kadrex/.m2/repository/org/junit/jupiter/junit-jupiter/5.9.3/junit-jupiter-5.9.3.jar:/home/kadrex/.m2/repository/org/junit/jupiter/junit-jupiter-api/5.9.3/junit-jupiter-api-5.9.3.jar:/home/kadrex/.m2/repository/org/opentest4j/opentest4j/1.2.0/opentest4j-1.2.0.jar:/home/kadrex/.m2/repository/org/junit/platform/junit-platform-commons/1.9.3/junit-platform-commons-1.9.3.jar:/home/kadrex/.m2/repository/org/apiguardian/apiguardian-api/1.1.2/apiguardian-api-1.1.2.jar:/home/kadrex/.m2/repository/org/junit/jupiter/junit-jupiter-params/5.9.3/junit-jupiter-params-5.9.3.jar:/home/kadrex/.m2/repository/org/junit/jupiter/junit-jupiter-engine/5.9.3/junit-jupiter-engine-5.9.3.jar:/home/kadrex/.m2/repository/org/junit/platform/junit-platform-engine/1.9.3/junit-platform-engine-1.9.3.jar:/home/kadrex/.m2/repository/org/json/json/20230227/json-20230227.jar:/home/kadrex/.m2/repository/commons-io/commons-io/2.4/commons-io-2.4.jar:"/>
    <property name="sun.cpu.endian" value="little"/>
    <property name="user.home" value="/home/kadrex"/>
    <property name="user.language" value="en"/>
    <property name="java.specification.vendor" value="Oracle Corporation"/>
    <property name="java.version.date" value="2023-01-17"/>
    <property name="java.home" value="/usr/lib/jvm/java-17-openjdk-amd64"/>
    <property name="file.separator" value="/"/>
    <property name="basedir" value="/home/kadrex/Study/codes/java/jiti_lab/studenthub"/>
    <property name="java.vm.compressedOopsMode" value="Zero based"/>
    <property name="line.separator" value="&#10;"/>
    <property name="java.specification.name" value="Java Platform API Specification"/>
    <property name="java.vm.specification.vendor" value="Oracle Corporation"/>
    <property name="surefire.real.class.path" value="/home/kadrex/Study/codes/java/jiti_lab/studenthub/target/surefire/surefirebooter8885945630673707390.jar"/>
    <property name="awt.useSystemAAFontSettings" value="on"/>
    <property name="sun.management.compiler" value="HotSpot 64-Bit Tiered Compilers"/>
    <property name="java.runtime.version" value="17.0.6+10-Debian-1"/>
    <property name="user.name" value="kadrex"/>
    <property name="path.separator" value=":"/>
    <property name="os.version" value="6.1.0-kali7-amd64"/>
    <property name="java.runtime.name" value="OpenJDK Runtime Environment"/>
    <property name="file.encoding" value="UTF-8"/>
    <property name="java.vm.name" value="OpenJDK 64-Bit Server VM"/>
    <property name="localRepository" value="/home/kadrex/.m2/repository"/>
    <property name="java.vendor.url.bug" value="https://bugs.debian.org/openjdk-17"/>
    <property name="java.io.tmpdir" value="/tmp"/>
    <property name="java.version" value="17.0.6"/>
    <property name="user.dir" value="/home/kadrex/Study/codes/java/jiti_lab/studenthub"/>
    <property name="os.arch" value="amd64"/>
    <property name="java.vm.specification.name" value="Java Virtual Machine Specification"/>
    <property name="native.encoding" value="UTF-8"/>
    <property name="java.library.path" value="/usr/lib/x86_64-linux-gnu:/usr/lib/x86_64-linux-gnu:/usr/lib/x86_64-linux-gnu:/usr/lib/x86_64-linux-gnu::/usr/java/packages/lib:/usr/lib/x86_64-linux-gnu/jni:/lib/x86_64-linux-gnu:/usr/lib/x86_64-linux-gnu:/usr/lib/jni:/lib:/usr/lib"/>
    <property name="java.vm.info" value="mixed mode, sharing"/>
    <property name="java.vendor" value="Debian"/>
    <property name="java.vm.version" value="17.0.6+10-Debian-1"/>
    <property name="sun.io.unicode.encoding" value="UnicodeLittle"/>
    <property name="java.class.version" value="61.0"/>
  </properties>
  <testcase name="createCVTest" classname="model.CVTest" time="0.018">
    <error message="org/apache/commons/io/output/UnsynchronizedByteArrayOutputStream" type="java.lang.NoClassDefFoundError">java.lang.NoClassDefFoundError: org/apache/commons/io/output/UnsynchronizedByteArrayOutputStream
	at model.CVTest.createCVTest(CVTest.java:28)
Caused by: java.lang.ClassNotFoundException: org.apache.commons.io.output.UnsynchronizedByteArrayOutputStream
	at model.CVTest.createCVTest(CVTest.java:28)
</error>
  </testcase>
</testsuite>